<?xml version="1.0" encoding="UTF-8"?>
<testng-results ignored="0" total="2" passed="2" failed="0" skipped="0">
  <reporter-output>
  </reporter-output>
  <suite started-at="2023-08-05T16:01:46 IST" name="Default suite" finished-at="2023-08-05T16:02:00 IST" duration-ms="13612">
    <groups>
      <group name="cucumber">
        <method signature="AbstractTestNGCucumberTests.runScenario(io.cucumber.testng.PickleWrapper,io.cucumber.testng.FeatureWrapper)[pri:0, instance:RunnerTest.TestRunner@5fe94a96]" name="runScenario" class="io.cucumber.testng.AbstractTestNGCucumberTests"/>
      </group> <!-- cucumber -->
    </groups>
    <test started-at="2023-08-05T16:01:46 IST" name="Default test" finished-at="2023-08-05T16:02:00 IST" duration-ms="13612">
      <class name="RunnerTest.TestRunner">
        <test-method is-config="true" signature="setUpClass(org.testng.ITestContext)[pri:0, instance:RunnerTest.TestRunner@5fe94a96]" started-at="2023-08-05T16:01:46 IST" name="setUpClass" finished-at="2023-08-05T16:01:47 IST" duration-ms="593" status="PASS">
          <params>
            <param index="0">
              <value>
                <![CDATA[org.testng.TestRunner@42373389]]>
              </value>
            </param>
          </params>
          <reporter-output>
          </reporter-output>
        </test-method> <!-- setUpClass -->
        <test-method signature="runScenario(io.cucumber.testng.PickleWrapper,io.cucumber.testng.FeatureWrapper)[pri:0, instance:RunnerTest.TestRunner@5fe94a96]" started-at="2023-08-05T16:01:47 IST" name="runScenario" description="Runs Cucumber Scenarios" data-provider="scenarios" finished-at="2023-08-05T16:01:59 IST" duration-ms="12363" status="PASS">
          <params>
            <param index="0">
              <value>
                <![CDATA["Test the LoginPage"]]>
              </value>
            </param>
            <param index="1">
              <value>
                <![CDATA["Test the OrangeHRM Application"]]>
              </value>
            </param>
          </params>
          <reporter-output>
          </reporter-output>
        </test-method> <!-- runScenario -->
        <test-method signature="runScenario(io.cucumber.testng.PickleWrapper,io.cucumber.testng.FeatureWrapper)[pri:0, instance:RunnerTest.TestRunner@5fe94a96]" started-at="2023-08-05T16:01:59 IST" name="runScenario" description="Runs Cucumber Scenarios" data-provider="scenarios" finished-at="2023-08-05T16:02:00 IST" duration-ms="560" status="PASS">
          <params>
            <param index="0">
              <value>
                <![CDATA["Test HomePage Functionality"]]>
              </value>
            </param>
            <param index="1">
              <value>
                <![CDATA["Test the OrangeHRM Application"]]>
              </value>
            </param>
          </params>
          <reporter-output>
          </reporter-output>
        </test-method> <!-- runScenario -->
        <test-method is-config="true" signature="tearDownClass()[pri:0, instance:RunnerTest.TestRunner@5fe94a96]" started-at="2023-08-05T16:02:00 IST" name="tearDownClass" finished-at="2023-08-05T16:02:00 IST" duration-ms="16" status="PASS">
          <reporter-output>
          </reporter-output>
        </test-method> <!-- tearDownClass -->
      </class> <!-- RunnerTest.TestRunner -->
    </test> <!-- Default test -->
  </suite> <!-- Default suite -->
</testng-results>
