<?xml version="1.0" encoding="UTF-8"?>
<testng-results ignored="0" total="3" passed="3" failed="0" skipped="0">
  <reporter-output>
  </reporter-output>
  <suite started-at="2023-08-05T17:09:22 IST" name="Default suite" finished-at="2023-08-05T17:09:51 IST" duration-ms="29313">
    <groups>
      <group name="cucumber">
        <method signature="AbstractTestNGCucumberTests.runScenario(io.cucumber.testng.PickleWrapper,io.cucumber.testng.FeatureWrapper)[pri:0, instance:RunnerTest.TestRunner@1ffaf86]" name="runScenario" class="io.cucumber.testng.AbstractTestNGCucumberTests"/>
      </group> <!-- cucumber -->
    </groups>
    <test started-at="2023-08-05T17:09:22 IST" name="Default test" finished-at="2023-08-05T17:09:51 IST" duration-ms="29313">
      <class name="RunnerTest.TestRunner">
        <test-method is-config="true" signature="setUpClass(org.testng.ITestContext)[pri:0, instance:RunnerTest.TestRunner@1ffaf86]" started-at="2023-08-05T17:09:22 IST" name="setUpClass" finished-at="2023-08-05T17:09:22 IST" duration-ms="653" status="PASS">
          <params>
            <param index="0">
              <value>
                <![CDATA[org.testng.TestRunner@2be95d31]]>
              </value>
            </param>
          </params>
          <reporter-output>
          </reporter-output>
        </test-method> <!-- setUpClass -->
        <test-method signature="runScenario(io.cucumber.testng.PickleWrapper,io.cucumber.testng.FeatureWrapper)[pri:0, instance:RunnerTest.TestRunner@1ffaf86]" started-at="2023-08-05T17:09:23 IST" name="runScenario" description="Runs Cucumber Scenarios" data-provider="scenarios" finished-at="2023-08-05T17:09:43 IST" duration-ms="20377" status="PASS">
          <params>
            <param index="0">
              <value>
                <![CDATA["Test the LoginPage"]]>
              </value>
            </param>
            <param index="1">
              <value>
                <![CDATA["Test the OrangeHRM Application"]]>
              </value>
            </param>
          </params>
          <reporter-output>
          </reporter-output>
        </test-method> <!-- runScenario -->
        <test-method signature="runScenario(io.cucumber.testng.PickleWrapper,io.cucumber.testng.FeatureWrapper)[pri:0, instance:RunnerTest.TestRunner@1ffaf86]" started-at="2023-08-05T17:09:43 IST" name="runScenario" description="Runs Cucumber Scenarios" data-provider="scenarios" finished-at="2023-08-05T17:09:45 IST" duration-ms="1954" status="PASS">
          <params>
            <param index="0">
              <value>
                <![CDATA["Test HomePage Functionality"]]>
              </value>
            </param>
            <param index="1">
              <value>
                <![CDATA["Test the OrangeHRM Application"]]>
              </value>
            </param>
          </params>
          <reporter-output>
          </reporter-output>
        </test-method> <!-- runScenario -->
        <test-method signature="runScenario(io.cucumber.testng.PickleWrapper,io.cucumber.testng.FeatureWrapper)[pri:0, instance:RunnerTest.TestRunner@1ffaf86]" started-at="2023-08-05T17:09:45 IST" name="runScenario" description="Runs Cucumber Scenarios" data-provider="scenarios" finished-at="2023-08-05T17:09:51 IST" duration-ms="6128" status="PASS">
          <params>
            <param index="0">
              <value>
                <![CDATA["Test Pim Page Functionality"]]>
              </value>
            </param>
            <param index="1">
              <value>
                <![CDATA["Test the OrangeHRM Application"]]>
              </value>
            </param>
          </params>
          <reporter-output>
          </reporter-output>
        </test-method> <!-- runScenario -->
        <test-method is-config="true" signature="tearDownClass()[pri:0, instance:RunnerTest.TestRunner@1ffaf86]" started-at="2023-08-05T17:09:51 IST" name="tearDownClass" finished-at="2023-08-05T17:09:51 IST" duration-ms="49" status="PASS">
          <reporter-output>
          </reporter-output>
        </test-method> <!-- tearDownClass -->
      </class> <!-- RunnerTest.TestRunner -->
    </test> <!-- Default test -->
  </suite> <!-- Default suite -->
</testng-results>
